2022-03-09T08:12:10+00:00 CRITICAL Maximum execution time of 120 seconds exceeded dans C:\xampp\htdocs\wordpress\wp-includes\wp-db.php à la ligne 2162

2022-03-09T08:15:33+00:00 CRITICAL Maximum execution time of 120 seconds exceeded dans C:\xampp\htdocs\wordpress\wp-includes\wp-db.php à la ligne 2162

2022-03-09T08:19:12+00:00 CRITICAL Maximum execution time of 120 seconds exceeded dans C:\xampp\htdocs\wordpress\wp-includes\wp-db.php à la ligne 2162

2022-03-09T08:23:43+00:00 CRITICAL Maximum execution time of 120 seconds exceeded dans C:\xampp\htdocs\wordpress\wp-includes\wp-db.php à la ligne 2162

2022-03-09T08:25:56+00:00 CRITICAL Maximum execution time of 120 seconds exceeded dans C:\xampp\htdocs\wordpress\wp-includes\wp-db.php à la ligne 2162

2022-03-09T08:26:01+00:00 CRITICAL Maximum execution time of 120 seconds exceeded dans C:\xampp\htdocs\wordpress\wp-includes\wp-db.php à la ligne 2162

2022-03-09T08:34:29+00:00 CRITICAL Maximum execution time of 120 seconds exceeded dans C:\xampp\htdocs\wordpress\wp-includes\wp-db.php à la ligne 2162

2022-03-09T11:01:54+00:00 CRITICAL Maximum execution time of 120 seconds exceeded dans C:\xampp\htdocs\wordpress\wp-includes\wp-db.php à la ligne 2162

2022-03-09T11:06:58+00:00 CRITICAL Maximum execution time of 120 seconds exceeded dans C:\xampp\htdocs\wordpress\wp-content\plugins\elementor-pro\modules\forms\fields\tel.php à la ligne 6

2022-03-09T11:07:53+00:00 CRITICAL Maximum execution time of 120 seconds exceeded dans C:\xampp\htdocs\wordpress\wp-includes\wp-db.php à la ligne 2162

2022-03-09T11:08:37+00:00 CRITICAL Maximum execution time of 120 seconds exceeded dans C:\xampp\htdocs\wordpress\wp-content\plugins\fluentform\app\Services\FluentConversational\Classes\Elements\WelcomeScreen.php à la ligne 8

2022-03-09T11:09:14+00:00 CRITICAL Maximum execution time of 120 seconds exceeded dans C:\xampp\htdocs\wordpress\wp-content\plugins\woocommerce\includes\class-wc-privacy-erasers.php à la ligne 415

2022-03-09T11:10:01+00:00 CRITICAL Maximum execution time of 120 seconds exceeded dans C:\xampp\htdocs\wordpress\wp-includes\wp-db.php à la ligne 2162

2022-03-09T11:10:55+00:00 CRITICAL Maximum execution time of 120 seconds exceeded dans C:\xampp\htdocs\wordpress\wp-includes\wp-db.php à la ligne 2162

2022-03-09T11:16:26+00:00 CRITICAL Maximum execution time of 120 seconds exceeded dans C:\xampp\htdocs\wordpress\wp-includes\wp-db.php à la ligne 2162

2022-03-09T11:21:58+00:00 CRITICAL Maximum execution time of 120 seconds exceeded dans C:\xampp\htdocs\wordpress\wp-includes\wp-db.php à la ligne 2162

2022-03-09T11:38:33+00:00 CRITICAL Maximum execution time of 120 seconds exceeded dans C:\xampp\htdocs\wordpress\wp-content\plugins\woocommerce\packages\woocommerce-admin\src\Features\OnboardingTasks\Init.php à la ligne 447

2022-03-09T11:38:51+00:00 CRITICAL Maximum execution time of 120 seconds exceeded dans C:\xampp\htdocs\wordpress\wp-includes\wp-db.php à la ligne 2162

2022-03-09T17:11:31+00:00 CRITICAL Maximum execution time of 120 seconds exceeded dans C:\xampp\htdocs\wordpress\wp-includes\wp-db.php à la ligne 2162

2022-03-09T17:12:36+00:00 CRITICAL Maximum execution time of 120 seconds exceeded dans C:\xampp\htdocs\wordpress\wp-includes\blocks.php à la ligne 234

2022-03-09T17:12:54+00:00 CRITICAL Maximum execution time of 120 seconds exceeded dans C:\xampp\htdocs\wordpress\wp-content\plugins\woocommerce\packages\woocommerce-blocks\src\InboxNotifications.php à la ligne 148

2022-03-09T17:13:02+00:00 CRITICAL Maximum execution time of 120 seconds exceeded dans C:\xampp\htdocs\wordpress\wp-content\plugins\elementor\includes\controls\base-units.php à la ligne 4

2022-03-09T17:19:40+00:00 CRITICAL Maximum execution time of 120 seconds exceeded dans C:\xampp\htdocs\wordpress\wp-includes\wp-db.php à la ligne 2162

2022-03-09T17:36:25+00:00 CRITICAL Maximum execution time of 120 seconds exceeded dans C:\xampp\htdocs\wordpress\wp-includes\wp-db.php à la ligne 2162

2022-03-09T17:39:42+00:00 CRITICAL Maximum execution time of 120 seconds exceeded dans C:\xampp\htdocs\wordpress\wp-includes\wp-db.php à la ligne 2162

2022-03-09T18:03:58+00:00 CRITICAL Maximum execution time of 120 seconds exceeded dans C:\xampp\htdocs\wordpress\wp-includes\wp-db.php à la ligne 2162

