2022-03-10T07:10:29+00:00 CRITICAL Maximum execution time of 120 seconds exceeded dans C:\xampp\htdocs\wordpress\wp-content\plugins\elementor\includes\widgets\common.php à la ligne 6

2022-03-10T07:10:29+00:00 CRITICAL Maximum execution time of 120 seconds exceeded dans C:\xampp\htdocs\wordpress\wp-content\plugins\elementor\includes\autoloader.php à la ligne 293

2022-03-10T07:10:30+00:00 CRITICAL Maximum execution time of 120 seconds exceeded dans C:\xampp\htdocs\wordpress\wp-includes\wp-db.php à la ligne 2162

2022-03-10T07:11:04+00:00 CRITICAL Maximum execution time of 120 seconds exceeded dans C:\xampp\htdocs\wordpress\wp-includes\wp-db.php à la ligne 2162

2022-03-10T07:11:04+00:00 CRITICAL Maximum execution time of 120 seconds exceeded dans C:\xampp\htdocs\wordpress\wp-includes\wp-db.php à la ligne 2162

2022-03-10T08:50:21+00:00 CRITICAL Maximum execution time of 120 seconds exceeded dans C:\xampp\htdocs\wordpress\wp-content\plugins\elementor\modules\system-info\module.php à la ligne 8

2022-03-10T09:18:32+00:00 CRITICAL Maximum execution time of 120 seconds exceeded dans C:\xampp\htdocs\wordpress\wp-content\plugins\woocommerce\packages\woocommerce-blocks\src\StoreApi\Schemas\CartItemSchema.php à la ligne 12

2022-03-10T09:18:48+00:00 CRITICAL Maximum execution time of 120 seconds exceeded dans C:\xampp\htdocs\wordpress\wp-content\plugins\woocommerce\packages\woocommerce-admin\src\Notes\DeprecatedNotes.php à la ligne 9

2022-03-10T09:20:07+00:00 CRITICAL Maximum execution time of 120 seconds exceeded dans C:\xampp\htdocs\wordpress\wp-includes\pomo\streams.php à la ligne 180

2022-03-10T10:09:23+00:00 CRITICAL Maximum execution time of 120 seconds exceeded dans C:\xampp\htdocs\wordpress\wp-includes\wp-db.php à la ligne 2162

2022-03-10T11:07:50+00:00 CRITICAL Maximum execution time of 120 seconds exceeded dans C:\xampp\htdocs\wordpress\wp-includes\wp-db.php à la ligne 2162

2022-03-10T11:35:44+00:00 CRITICAL Maximum execution time of 120 seconds exceeded dans C:\xampp\htdocs\wordpress\wp-includes\wp-db.php à la ligne 2162

2022-03-10T11:40:15+00:00 CRITICAL Maximum execution time of 120 seconds exceeded dans C:\xampp\htdocs\wordpress\wp-includes\wp-db.php à la ligne 2162

2022-03-10T11:41:14+00:00 CRITICAL Maximum execution time of 120 seconds exceeded dans C:\xampp\htdocs\wordpress\wp-includes\wp-db.php à la ligne 2162

2022-03-10T11:45:06+00:00 CRITICAL Maximum execution time of 120 seconds exceeded dans C:\xampp\htdocs\wordpress\wp-includes\wp-db.php à la ligne 2162

2022-03-10T13:59:58+00:00 CRITICAL Maximum execution time of 120 seconds exceeded dans C:\xampp\htdocs\wordpress\wp-includes\wp-db.php à la ligne 2162

2022-03-10T16:08:05+00:00 CRITICAL Maximum execution time of 120 seconds exceeded dans C:\xampp\htdocs\wordpress\wp-includes\wp-db.php à la ligne 2162

2022-03-10T16:32:06+00:00 CRITICAL Maximum execution time of 120 seconds exceeded dans C:\xampp\htdocs\wordpress\wp-includes\wp-db.php à la ligne 2162

2022-03-10T17:10:13+00:00 CRITICAL Maximum execution time of 120 seconds exceeded dans C:\xampp\htdocs\wordpress\wp-includes\wp-db.php à la ligne 2162

2022-03-10T18:13:39+00:00 CRITICAL Maximum execution time of 120 seconds exceeded dans C:\xampp\htdocs\wordpress\wp-includes\wp-db.php à la ligne 2162

